c:\users\andrew\documents\github\openglshapes\project1\project1\debug\vc140.pdb
c:\users\andrew\documents\github\openglshapes\project1\project1\debug\vc140.idb
c:\users\andrew\documents\github\openglshapes\project1\project1\debug\ball.obj
c:\users\andrew\documents\github\openglshapes\project1\project1\debug\emitter.obj
c:\users\andrew\documents\github\openglshapes\project1\project1\debug\graphics.obj
c:\users\andrew\documents\github\openglshapes\project1\project1\debug\lab1-3.obj
c:\users\andrew\documents\github\openglshapes\project1\project1\debug\matrix.obj
c:\users\andrew\documents\github\openglshapes\project1\project1\debug\physics.obj
c:\users\andrew\documents\github\openglshapes\project1\project1\debug\shapes.obj
c:\users\andrew\documents\github\openglshapes\project1\project1\debug\source.obj
c:\users\andrew\documents\github\openglshapes\project1\project1\debug\vectors.obj
c:\users\andrew\documents\github\openglshapes\project1\debug\bouncingball.ilk
c:\users\andrew\documents\github\openglshapes\project1\debug\bouncingball.exe
c:\users\andrew\documents\github\openglshapes\project1\debug\bouncingball.pdb
c:\users\andrew\documents\github\openglshapes\project1\project1\debug\bouncingball.tlog\cl.command.1.tlog
c:\users\andrew\documents\github\openglshapes\project1\project1\debug\bouncingball.tlog\cl.read.1.tlog
c:\users\andrew\documents\github\openglshapes\project1\project1\debug\bouncingball.tlog\cl.write.1.tlog
c:\users\andrew\documents\github\openglshapes\project1\project1\debug\bouncingball.tlog\link.command.1.tlog
c:\users\andrew\documents\github\openglshapes\project1\project1\debug\bouncingball.tlog\link.read.1.tlog
c:\users\andrew\documents\github\openglshapes\project1\project1\debug\bouncingball.tlog\link.write.1.tlog
