h:\.windows_settings\my documents\visual studio 2015\projects\project1\project1\debug\vc140.pdb
h:\.windows_settings\my documents\visual studio 2015\projects\project1\project1\debug\vc140.idb
h:\.windows_settings\my documents\visual studio 2015\projects\project1\project1\debug\ball.obj
h:\.windows_settings\my documents\visual studio 2015\projects\project1\project1\debug\emitter.obj
h:\.windows_settings\my documents\visual studio 2015\projects\project1\project1\debug\graphics.obj
h:\.windows_settings\my documents\visual studio 2015\projects\project1\project1\debug\lab1-3.obj
h:\.windows_settings\my documents\visual studio 2015\projects\project1\project1\debug\matrix.obj
h:\.windows_settings\my documents\visual studio 2015\projects\project1\project1\debug\physics.obj
h:\.windows_settings\my documents\visual studio 2015\projects\project1\project1\debug\shapes.obj
h:\.windows_settings\my documents\visual studio 2015\projects\project1\project1\debug\source.obj
h:\.windows_settings\my documents\visual studio 2015\projects\project1\project1\debug\vectors.obj
h:\.windows_settings\my documents\visual studio 2015\projects\project1\debug\project1.ilk
h:\.windows_settings\my documents\visual studio 2015\projects\project1\debug\project1.exe
h:\.windows_settings\my documents\visual studio 2015\projects\project1\debug\project1.pdb
h:\.windows_settings\my documents\visual studio 2015\projects\project1\project1\debug\project1.tlog\cl.command.1.tlog
h:\.windows_settings\my documents\visual studio 2015\projects\project1\project1\debug\project1.tlog\link.command.1.tlog
h:\.windows_settings\my documents\visual studio 2015\projects\project1\project1\debug\project1.tlog\cl.write.1.tlog
h:\.windows_settings\my documents\visual studio 2015\projects\project1\project1\debug\project1.tlog\link.read.1.tlog
h:\.windows_settings\my documents\visual studio 2015\projects\project1\project1\debug\project1.tlog\link.write.1.tlog
h:\.windows_settings\my documents\visual studio 2015\projects\project1\project1\debug\project1.tlog\cl.read.1.tlog
