h:\.windows_settings\my documents\visual studio 2015\projects\project1\project1\x64\debug\vc140.pdb
h:\.windows_settings\my documents\visual studio 2015\projects\project1\project1\x64\debug\vc140.idb
h:\.windows_settings\my documents\visual studio 2015\projects\project1\project1\x64\debug\ball.obj
h:\.windows_settings\my documents\visual studio 2015\projects\project1\project1\x64\debug\emitter.obj
h:\.windows_settings\my documents\visual studio 2015\projects\project1\project1\x64\debug\graphics.obj
h:\.windows_settings\my documents\visual studio 2015\projects\project1\project1\x64\debug\lab1-3.obj
h:\.windows_settings\my documents\visual studio 2015\projects\project1\project1\x64\debug\matrix.obj
h:\.windows_settings\my documents\visual studio 2015\projects\project1\project1\x64\debug\physics.obj
h:\.windows_settings\my documents\visual studio 2015\projects\project1\project1\x64\debug\shapes.obj
h:\.windows_settings\my documents\visual studio 2015\projects\project1\project1\x64\debug\source.obj
h:\.windows_settings\my documents\visual studio 2015\projects\project1\project1\x64\debug\vectors.obj
h:\.windows_settings\my documents\visual studio 2015\projects\project1\x64\debug\project1.pdb
h:\.windows_settings\my documents\visual studio 2015\projects\project1\project1\x64\debug\project1.tlog\link-cvtres.write.1.tlog
h:\.windows_settings\my documents\visual studio 2015\projects\project1\project1\x64\debug\project1.tlog\link-rc.read.1.tlog
h:\.windows_settings\my documents\visual studio 2015\projects\project1\project1\x64\debug\project1.tlog\link-cvtres.read.1.tlog
h:\.windows_settings\my documents\visual studio 2015\projects\project1\project1\x64\debug\project1.tlog\link-rc.write.1.tlog
h:\.windows_settings\my documents\visual studio 2015\projects\project1\project1\x64\debug\project1.tlog\cl.command.1.tlog
h:\.windows_settings\my documents\visual studio 2015\projects\project1\project1\x64\debug\project1.tlog\link.command.1.tlog
h:\.windows_settings\my documents\visual studio 2015\projects\project1\project1\x64\debug\project1.tlog\cl.write.1.tlog
h:\.windows_settings\my documents\visual studio 2015\projects\project1\project1\x64\debug\project1.tlog\link.read.1.tlog
h:\.windows_settings\my documents\visual studio 2015\projects\project1\project1\x64\debug\project1.tlog\link.write.1.tlog
h:\.windows_settings\my documents\visual studio 2015\projects\project1\project1\x64\debug\project1.tlog\cl.read.1.tlog
