c:\users\andrew\documents\github\openglshapes\project1\flocking\debug\vc140.pdb
c:\users\andrew\documents\github\openglshapes\project1\flocking\debug\vc140.idb
c:\users\andrew\documents\github\openglshapes\project1\flocking\debug\boids.obj
c:\users\andrew\documents\github\openglshapes\project1\flocking\debug\emitter.obj
c:\users\andrew\documents\github\openglshapes\project1\flocking\debug\graphics.obj
c:\users\andrew\documents\github\openglshapes\project1\flocking\debug\lab1-3.obj
c:\users\andrew\documents\github\openglshapes\project1\flocking\debug\matrix.obj
c:\users\andrew\documents\github\openglshapes\project1\flocking\debug\physics.obj
c:\users\andrew\documents\github\openglshapes\project1\flocking\debug\shapes.obj
c:\users\andrew\documents\github\openglshapes\project1\flocking\debug\source.obj
c:\users\andrew\documents\github\openglshapes\project1\flocking\debug\vectors.obj
c:\users\andrew\documents\github\openglshapes\project1\debug\project1.ilk
c:\users\andrew\documents\github\openglshapes\project1\debug\project1.exe
c:\users\andrew\documents\github\openglshapes\project1\debug\project1.pdb
c:\users\andrew\documents\github\openglshapes\project1\flocking\debug\project1.tlog\cl.command.1.tlog
c:\users\andrew\documents\github\openglshapes\project1\flocking\debug\project1.tlog\cl.read.1.tlog
c:\users\andrew\documents\github\openglshapes\project1\flocking\debug\project1.tlog\cl.write.1.tlog
c:\users\andrew\documents\github\openglshapes\project1\flocking\debug\project1.tlog\link.command.1.tlog
c:\users\andrew\documents\github\openglshapes\project1\flocking\debug\project1.tlog\link.read.1.tlog
c:\users\andrew\documents\github\openglshapes\project1\flocking\debug\project1.tlog\link.write.1.tlog
